Determining if the pthread_create exist failed with the following output:
Change Dir: /home/jon/Documents/ROS/catkin_ws/build/CMakeFiles/CMakeTmp

Run Build Command:"/usr/bin/make" "cmTC_8fa3b/fast"
/usr/bin/make -f CMakeFiles/cmTC_8fa3b.dir/build.make CMakeFiles/cmTC_8fa3b.dir/build
make[1]: Entering directory '/home/jon/Documents/ROS/catkin_ws/build/CMakeFiles/CMakeTmp'
Building C object CMakeFiles/cmTC_8fa3b.dir/CheckSymbolExists.c.o
/usr/bin/cc    -o CMakeFiles/cmTC_8fa3b.dir/CheckSymbolExists.c.o   -c /home/jon/Documents/ROS/catkin_ws/build/CMakeFiles/CMakeTmp/CheckSymbolExists.c
Linking C executable cmTC_8fa3b
/usr/bin/cmake -E cmake_link_script CMakeFiles/cmTC_8fa3b.dir/link.txt --verbose=1
/usr/bin/cc      -rdynamic CMakeFiles/cmTC_8fa3b.dir/CheckSymbolExists.c.o  -o cmTC_8fa3b 
CMakeFiles/cmTC_8fa3b.dir/CheckSymbolExists.c.o: In function `main':
CheckSymbolExists.c:(.text+0x1b): undefined reference to `pthread_create'
collect2: error: ld returned 1 exit status
CMakeFiles/cmTC_8fa3b.dir/build.make:97: recipe for target 'cmTC_8fa3b' failed
make[1]: *** [cmTC_8fa3b] Error 1
make[1]: Leaving directory '/home/jon/Documents/ROS/catkin_ws/build/CMakeFiles/CMakeTmp'
Makefile:126: recipe for target 'cmTC_8fa3b/fast' failed
make: *** [cmTC_8fa3b/fast] Error 2

File /home/jon/Documents/ROS/catkin_ws/build/CMakeFiles/CMakeTmp/CheckSymbolExists.c:
/* */
#include <pthread.h>

int main(int argc, char** argv)
{
  (void)argv;
#ifndef pthread_create
  return ((int*)(&pthread_create))[argc];
#else
  (void)argc;
  return 0;
#endif
}

Determining if the function pthread_create exists in the pthreads failed with the following output:
Change Dir: /home/jon/Documents/ROS/catkin_ws/build/CMakeFiles/CMakeTmp

Run Build Command:"/usr/bin/make" "cmTC_63782/fast"
/usr/bin/make -f CMakeFiles/cmTC_63782.dir/build.make CMakeFiles/cmTC_63782.dir/build
make[1]: Entering directory '/home/jon/Documents/ROS/catkin_ws/build/CMakeFiles/CMakeTmp'
Building C object CMakeFiles/cmTC_63782.dir/CheckFunctionExists.c.o
/usr/bin/cc   -DCHECK_FUNCTION_EXISTS=pthread_create   -o CMakeFiles/cmTC_63782.dir/CheckFunctionExists.c.o   -c /usr/share/cmake-3.10/Modules/CheckFunctionExists.c
Linking C executable cmTC_63782
/usr/bin/cmake -E cmake_link_script CMakeFiles/cmTC_63782.dir/link.txt --verbose=1
/usr/bin/cc  -DCHECK_FUNCTION_EXISTS=pthread_create    -rdynamic CMakeFiles/cmTC_63782.dir/CheckFunctionExists.c.o  -o cmTC_63782 -lpthreads 
/usr/bin/ld: cannot find -lpthreads
collect2: error: ld returned 1 exit status
CMakeFiles/cmTC_63782.dir/build.make:97: recipe for target 'cmTC_63782' failed
make[1]: *** [cmTC_63782] Error 1
make[1]: Leaving directory '/home/jon/Documents/ROS/catkin_ws/build/CMakeFiles/CMakeTmp'
Makefile:126: recipe for target 'cmTC_63782/fast' failed
make: *** [cmTC_63782/fast] Error 2


